app/build/intermediates/manifest_merge_blame_file/debug/manifest-merger-blame-debug-report.txt
1<?xml version="1.0" encoding="utf-8"?>
2<manifest xmlns:android="http://schemas.android.com/apk/res/android"
3    package="com.symbol.barcodesample1"
4    android:versionCode="12"
5    android:versionName="7.3.1" >
6
7    <uses-sdk
8        android:minSdkVersion="24"
8-->src\main\AndroidManifest.xml
9        android:targetSdkVersion="26" />
9-->src\main\AndroidManifest.xml
10
11    <uses-permission android:name="com.symbol.emdk.permission.EMDK" />
11-->src\main\AndroidManifest.xml:5:5-70
11-->src\main\AndroidManifest.xml:5:22-68
12    <uses-permission android:name="android.permission.INTERNET" />
12-->src\main\AndroidManifest.xml:7:5-67
12-->src\main\AndroidManifest.xml:7:22-64
13
14    <application
14-->src\main\AndroidManifest.xml:11:5-36:19
15        android:allowBackup="true"
15-->src\main\AndroidManifest.xml:12:9-35
16        android:debuggable="true"
17        android:extractNativeLibs="false"
18        android:icon="@mipmap/ic_launcher"
18-->src\main\AndroidManifest.xml:13:9-43
19        android:label="@string/app_name"
19-->src\main\AndroidManifest.xml:14:9-41
20        android:testOnly="true"
21        android:theme="@style/AppTheme" >
21-->src\main\AndroidManifest.xml:15:9-40
22        <service
22-->src\main\AndroidManifest.xml:18:9-21:40
23            android:name="com.symbol.barcodesample1.MyBackgroundService"
23-->src\main\AndroidManifest.xml:19:13-48
24            android:enabled="true"
24-->src\main\AndroidManifest.xml:20:13-35
25            android:exported="false" />
25-->src\main\AndroidManifest.xml:21:13-37
26
27        <uses-library android:name="com.symbol.emdk" />
27-->src\main\AndroidManifest.xml:23:9-55
27-->src\main\AndroidManifest.xml:23:23-53
28
29        <activity
29-->src\main\AndroidManifest.xml:26:9-35:20
30            android:name="com.symbol.barcodesample1.MainActivity"
30-->src\main\AndroidManifest.xml:27:13-41
31            android:configChanges="orientation|screenSize|keyboardHidden"
31-->src\main\AndroidManifest.xml:28:13-74
32            android:label="@string/app_name" >
32-->src\main\AndroidManifest.xml:29:13-45
33            <intent-filter>
33-->src\main\AndroidManifest.xml:30:13-34:29
34                <action android:name="android.intent.action.MAIN" />
34-->src\main\AndroidManifest.xml:31:17-69
34-->src\main\AndroidManifest.xml:31:25-66
35
36                <category android:name="android.intent.category.LAUNCHER" />
36-->src\main\AndroidManifest.xml:33:17-77
36-->src\main\AndroidManifest.xml:33:27-74
37            </intent-filter>
38        </activity>
39    </application>
40
41</manifest>